<INFO> This functionnality is still in a beta state of development and may be removed a future release, or may never be improved. Please use --silent option to ignore this message the next time.

--------------------------------------------------------------------------------
 Profile used :

       
P actions make_etude
P consbtc yes
P mem_aster 100
P memjob 8084480
P memory_limit 7895.0
P mode interactif
P mpi_nbcpu 1
P mpi_nbnoeud 1
P origine ASTK 2019.0
P soumbtc yes
P time_limit 35996400.0
P tpsjob 599941
P version PRECICE
A memjeveux 986.875
A tpmax 35996400.0
F mmed /home/michel/Git/code_aster-adapter/tutorials/buoyantSimpleFoam-aster/solid/solid.mmed D  20
F comm /home/michel/Git/code_aster-adapter/tutorials/buoyantSimpleFoam-aster/solid/solid.comm D  1
F mess /home/michel/Git/code_aster-adapter/tutorials/buoyantSimpleFoam-aster/solid/solid.mess R  6
F rmed /home/michel/Git/code_aster-adapter/tutorials/buoyantSimpleFoam-aster/solid/solid.rmed R  80


<F>_FILE_NOT_FOUND file not found : /home/michel/Desktop/Code_Aster-14.4/PRECICE/config.txt


 
 ---------------------------------------------------------------------------------
                                            cpu     system    cpu+sys    elapsed
 ---------------------------------------------------------------------------------
   Total                                   0.05       0.01       0.06       0.06
 ---------------------------------------------------------------------------------

as_run 2019.0

------------------------------------------------------------
--- DIAGNOSTIC JOB : <F>_FILE_NOT_FOUND
------------------------------------------------------------


EXIT_CODE=4
